IP Upgrade report for DE10_Standard_GHRD
Thu Oct 29 21:14:46 2020
Quartus Prime Version 19.1.0 Build 670 09/22/2019 SJ Lite Edition


---------------------
; Table of Contents ;
---------------------
  1. Legal Notice
  2. IP Upgrade Summary
  3. Successfully Upgraded IP Components
  4. Failed Upgrade IP Components
  5. IP Upgrade Messages



----------------
; Legal Notice ;
----------------
Copyright (C) 2019  Intel Corporation. All rights reserved.
Your use of Intel Corporation's design tools, logic functions 
and other software and tools, and any partner logic 
functions, and any output files from any of the foregoing 
(including device programming or simulation files), and any 
associated documentation or information are expressly subject 
to the terms and conditions of the Intel Program License 
Subscription Agreement, the Intel Quartus Prime License Agreement,
the Intel FPGA IP License Agreement, or other applicable license
agreement, including, without limitation, that your use is for
the sole purpose of programming logic devices manufactured by
Intel and sold by Intel or its authorized distributors.  Please
refer to the applicable agreement for further details, at
https://fpgasoftware.intel.com/eula.



+----------------------------------------------------------------------------+
; IP Upgrade Summary                                                         ;
+------------------------------+---------------------------------------------+
; IP Components Upgrade Status ; Passed - Thu Oct 29 21:14:46 2020           ;
; Quartus Prime Version        ; 19.1.0 Build 670 09/22/2019 SJ Lite Edition ;
; Revision Name                ; DE10_Standard_GHRD                          ;
; Top-level Entity Name        ; DE10_Standard_GHRD                          ;
; Family                       ; Cyclone V                                   ;
+------------------------------+---------------------------------------------+


+-----------------------------------------------------------------------------------------------------------------------------------------------------------------------+
; Successfully Upgraded IP Components                                                                                                                                   ;
+-------------+------------------------------+---------+----------------------------------+--------------------------------+----------------------------------+---------+
; Entity Name ; Component Name               ; Version ; Original Source File             ; Generation File Path           ; New Source File                  ; Message ;
+-------------+------------------------------+---------+----------------------------------+--------------------------------+----------------------------------+---------+
; hps_reset   ; In-System Sources and Probes ; 16.1    ; ip/altsource_probe/hps_reset.qip ; ip/altsource_probe/hps_reset.v ; ip/altsource_probe/hps_reset.qip ;         ;
+-------------+------------------------------+---------+----------------------------------+--------------------------------+----------------------------------+---------+


+----------------------------------------------------------------------------------------------------------------------------------------------------------------------------------+
; Failed Upgrade IP Components                                                                                                                                                     ;
+-------------+----------------+---------+-------------------------------------+----------------------+-----------------+----------------------------------------------------------+
; Entity Name ; Component Name ; Version ; Original Source File                ; Generation File Path ; New Source File ; Message                                                  ;
+-------------+----------------+---------+-------------------------------------+----------------------+-----------------+----------------------------------------------------------+
; soc_system  ; Qsys           ; 16.1    ; soc_system/synthesis/soc_system.qip ; soc_system.qsys      ;                 ; Error upgrading Platform Designer file "soc_system.qsys" ;
+-------------+----------------+---------+-------------------------------------+----------------------+-----------------+----------------------------------------------------------+


+---------------------+
; IP Upgrade Messages ;
+---------------------+
Info (11902): Backing up file "ip/altsource_probe/hps_reset.v" to "ip/altsource_probe/hps_reset.BAK.v"
Info (11837): Started upgrading IP component In-System Sources and Probes with file "ip/altsource_probe/hps_reset.v"
Info (11902): Backing up file "soc_system.qsys" to "soc_system.BAK.qsys"
Info (11902): Backing up file "soc_system/synthesis/soc_system.v" to "soc_system.BAK.v"
Info (11837): Started upgrading IP component Qsys with file "soc_system.qsys"
Info: 2020.10.29.21:11:06 Info: Starting to upgrade the IP cores in the Platform Designer system
Info: 2020.10.29.21:11:06 Info: Finished upgrading the ip cores
Info: 2020.10.29.21:11:32 Info: Saving generation log to C:/Users/vane_/Desktop/Sistemas Embebidos/GHRD/DE10_Standard_GHRD/soc_system
Info: 2020.10.29.21:11:32 Info: Starting: Create simulation model
Info: 2020.10.29.21:11:32 Info: qsys-generate "C:\Users\vane_\Desktop\Sistemas Embebidos\GHRD\DE10_Standard_GHRD\soc_system.qsys" --simulation=VERILOG --allow-mixed-language-simulation --output-directory="C:\Users\vane_\Desktop\Sistemas Embebidos\GHRD\DE10_Standard_GHRD\soc_system\simulation" --family="Cyclone V" --part=5CSXFC6D6F31C6
Info: 2020.10.29.21:11:33 Info: Loading DE10_Standard_GHRD
Info: 2020.10.29.21:11:33 Info: Reading input file
Info: 2020.10.29.21:11:33 Info: Adding ILC [interrupt_latency_counter 19.1]
Info: 2020.10.29.21:11:33 Info: Parameterizing module ILC
Info: 2020.10.29.21:11:33 Info: Adding button_pio [altera_avalon_pio 19.1]
Info: 2020.10.29.21:11:33 Info: Parameterizing module button_pio
Info: 2020.10.29.21:11:33 Info: Adding clk_0 [clock_source 19.1]
Info: 2020.10.29.21:11:33 Info: Parameterizing module clk_0
Info: 2020.10.29.21:11:33 Info: Adding dipsw_pio [altera_avalon_pio 19.1]
Info: 2020.10.29.21:11:33 Info: Parameterizing module dipsw_pio
Info: 2020.10.29.21:11:33 Info: Adding f2sdram_only_master [altera_jtag_avalon_master 19.1]
Info: 2020.10.29.21:11:33 Info: Parameterizing module f2sdram_only_master
Info: 2020.10.29.21:11:33 Info: Adding fpga_only_master [altera_jtag_avalon_master 19.1]
Info: 2020.10.29.21:11:33 Info: Parameterizing module fpga_only_master
Info: 2020.10.29.21:11:33 Info: Adding hps_0 [altera_hps 19.1]
Info: 2020.10.29.21:11:33 Info: Parameterizing module hps_0
Info: 2020.10.29.21:11:33 Info: Adding hps_only_master [altera_jtag_avalon_master 19.1]
Info: 2020.10.29.21:11:33 Info: Parameterizing module hps_only_master
Info: 2020.10.29.21:11:33 Info: Adding jtag_uart [altera_avalon_jtag_uart 19.1]
Info: 2020.10.29.21:11:33 Info: Parameterizing module jtag_uart
Info: 2020.10.29.21:11:33 Info: Adding led_pio [altera_avalon_pio 19.1]
Info: 2020.10.29.21:11:33 Info: Parameterizing module led_pio
Info: 2020.10.29.21:11:33 Info: Adding mm_bridge_0 [altera_avalon_mm_bridge 19.1]
Info: 2020.10.29.21:11:33 Info: Parameterizing module mm_bridge_0
Info: 2020.10.29.21:11:33 Info: Adding sysid_qsys [altera_avalon_sysid_qsys 19.1]
Info: 2020.10.29.21:11:33 Info: Parameterizing module sysid_qsys
Info: 2020.10.29.21:11:33 Info: Building connections
Info: 2020.10.29.21:11:33 Info: Parameterizing connections
Info: 2020.10.29.21:11:33 Info: Validating
Info: 2020.10.29.21:11:41 Info: Done reading input file
Info: 2020.10.29.21:11:45 Info: soc_system.button_pio: PIO inputs are not hardwired in test bench. Undefined values will be read from PIO inputs during simulation.
Info: 2020.10.29.21:11:45 Info: soc_system.dipsw_pio: PIO inputs are not hardwired in test bench. Undefined values will be read from PIO inputs during simulation.
Info: 2020.10.29.21:11:45 Info: soc_system.hps_0: HPS Main PLL counter settings: n = 0  m = 73
Info: 2020.10.29.21:11:45 Info: soc_system.hps_0: HPS peripherial PLL counter settings: n = 0  m = 39
Warning: 2020.10.29.21:11:45 Warning: soc_system.hps_0: "QSPI clock frequency" (desired_qspi_clk_mhz) requested 400.0 MHz, but only achieved 370.0 MHz
Warning: 2020.10.29.21:11:45 Warning: soc_system.hps_0: 1 or more output clock frequencies cannot be achieved precisely, consider revising desired output clock frequencies.
Info: 2020.10.29.21:11:45 Info: soc_system.jtag_uart: JTAG UART IP input clock need to be at least double (2x) the operating frequency of JTAG TCK on board
Info: 2020.10.29.21:11:45 Info: soc_system.sysid_qsys: System ID is not assigned automatically. Edit the System ID parameter to provide a unique ID
Info: 2020.10.29.21:11:45 Info: soc_system.sysid_qsys: Time stamp will be automatically updated when this component is generated.
Info: 2020.10.29.21:11:47 Info: soc_system: Generating soc_system "soc_system" for SIM_VERILOG
Info: 2020.10.29.21:11:53 Info: Interconnect is inserted between master hps_0.h2f_lw_axi_master and slave mm_bridge_0.s0 because the master is of type axi and the slave is of type avalon.
Info: 2020.10.29.21:11:57 Info: Interconnect is inserted between master hps_only_master.master and slave hps_0.f2h_axi_slave because the master is of type avalon and the slave is of type axi.
Info: 2020.10.29.21:11:58 Info: Interconnect is inserted between master f2sdram_only_master.master and slave hps_0.f2h_sdram0_data because the master has address signal 32 bit wide, but the slave is 27 bit wide.
Info: 2020.10.29.21:11:58 Info: Interconnect is inserted between master f2sdram_only_master.master and slave hps_0.f2h_sdram0_data because the master has readdata signal 32 bit wide, but the slave is 256 bit wide.
Info: 2020.10.29.21:11:58 Info: Interconnect is inserted between master f2sdram_only_master.master and slave hps_0.f2h_sdram0_data because the master has writedata signal 32 bit wide, but the slave is 256 bit wide.
Info: 2020.10.29.21:11:58 Info: Interconnect is inserted between master f2sdram_only_master.master and slave hps_0.f2h_sdram0_data because the master has byteenable signal 4 bit wide, but the slave is 32 bit wide.
Warning: 2020.10.29.21:11:59 Warning: hps_0.f2h_irq0: Cannot connect clock for irq_mapper_001.sender
Warning: 2020.10.29.21:11:59 Warning: hps_0.f2h_irq0: Cannot connect reset for irq_mapper_001.sender
Warning: 2020.10.29.21:11:59 Warning: hps_0.f2h_irq1: Cannot connect clock for irq_mapper_002.sender
Warning: 2020.10.29.21:11:59 Warning: hps_0.f2h_irq1: Cannot connect reset for irq_mapper_002.sender
Info: 2020.10.29.21:12:06 Info: ILC: "soc_system" instantiated interrupt_latency_counter "ILC"
Info: 2020.10.29.21:12:06 Info: button_pio: Starting RTL generation for module 'soc_system_button_pio'
Info: 2020.10.29.21:12:06 Info: button_pio:   Generation command is [exec C:/intelfpga_lite/19.1/quartus/bin64/perl/bin/perl.exe -I C:/intelfpga_lite/19.1/quartus/sopc_builder/bin/europa -I C:/intelfpga_lite/19.1/quartus/sopc_builder/bin -I C:/intelfpga_lite/19.1/quartus/../ip/altera/sopc_builder_ip/common -I C:/intelfpga_lite/19.1/quartus/../ip/altera/sopc_builder_ip/altera_avalon_pio -- C:/intelfpga_lite/19.1/quartus/../ip/altera/sopc_builder_ip/altera_avalon_pio/generate_rtl.pl --name=soc_system_button_pio --dir=C:/Users/vane_/AppData/Local/Temp/alt8565_8734752112882022453.dir/0003_button_pio_gen/ --quartus_dir=C:/intelfpga_lite/19.1/quartus --verilog --config=C:/Users/vane_/AppData/Local/Temp/alt8565_8734752112882022453.dir/0003_button_pio_gen//soc_system_button_pio_component_configuration.pl  --do_build_sim=1    --sim_dir=C:/Users/vane_/AppData/Local/Temp/alt8565_8734752112882022453.dir/0003_button_pio_gen
Info: 2020.10.29.21:12:10 Info: button_pio: Done RTL generation for module 'soc_system_button_pio'
Info: 2020.10.29.21:12:10 Info: button_pio: "soc_system" instantiated altera_avalon_pio "button_pio"
Info: 2020.10.29.21:12:10 Info: dipsw_pio: Starting RTL generation for module 'soc_system_dipsw_pio'
Info: 2020.10.29.21:12:10 Info: dipsw_pio:   Generation command is [exec C:/intelfpga_lite/19.1/quartus/bin64/perl/bin/perl.exe -I C:/intelfpga_lite/19.1/quartus/sopc_builder/bin/europa -I C:/intelfpga_lite/19.1/quartus/sopc_builder/bin -I C:/intelfpga_lite/19.1/quartus/../ip/altera/sopc_builder_ip/common -I C:/intelfpga_lite/19.1/quartus/../ip/altera/sopc_builder_ip/altera_avalon_pio -- C:/intelfpga_lite/19.1/quartus/../ip/altera/sopc_builder_ip/altera_avalon_pio/generate_rtl.pl --name=soc_system_dipsw_pio --dir=C:/Users/vane_/AppData/Local/Temp/alt8565_8734752112882022453.dir/0004_dipsw_pio_gen/ --quartus_dir=C:/intelfpga_lite/19.1/quartus --verilog --config=C:/Users/vane_/AppData/Local/Temp/alt8565_8734752112882022453.dir/0004_dipsw_pio_gen//soc_system_dipsw_pio_component_configuration.pl  --do_build_sim=1    --sim_dir=C:/Users/vane_/AppData/Local/Temp/alt8565_8734752112882022453.dir/0004_dipsw_pio_gen
Info: 2020.10.29.21:12:10 Info: dipsw_pio: Done RTL generation for module 'soc_system_dipsw_pio'
Info: 2020.10.29.21:12:10 Info: dipsw_pio: "soc_system" instantiated altera_avalon_pio "dipsw_pio"
Info: 2020.10.29.21:12:11 Info: f2sdram_only_master: "soc_system" instantiated altera_jtag_avalon_master "f2sdram_only_master"
Info: 2020.10.29.21:12:11 Info: hps_0: "Running  for module: hps_0"
Info: 2020.10.29.21:12:12 Info: hps_0: HPS Main PLL counter settings: n = 0  m = 73
Info: 2020.10.29.21:12:12 Info: hps_0: HPS peripherial PLL counter settings: n = 0  m = 39
Warning: 2020.10.29.21:12:12 Warning: hps_0: "QSPI clock frequency" (desired_qspi_clk_mhz) requested 400.0 MHz, but only achieved 370.0 MHz
Warning: 2020.10.29.21:12:12 Warning: hps_0: 1 or more output clock frequencies cannot be achieved precisely, consider revising desired output clock frequencies.
Info: 2020.10.29.21:12:14 Info: hps_0: "soc_system" instantiated altera_hps "hps_0"
Info: 2020.10.29.21:12:14 Info: jtag_uart: Starting RTL generation for module 'soc_system_jtag_uart'
Info: 2020.10.29.21:12:14 Info: jtag_uart:   Generation command is [exec C:/intelfpga_lite/19.1/quartus/bin64/perl/bin/perl.exe -I C:/intelfpga_lite/19.1/quartus/sopc_builder/bin/europa -I C:/intelfpga_lite/19.1/quartus/sopc_builder/bin -I C:/intelfpga_lite/19.1/quartus/../ip/altera/sopc_builder_ip/common -I C:/intelfpga_lite/19.1/quartus/../ip/altera/sopc_builder_ip/altera_avalon_jtag_uart -- C:/intelfpga_lite/19.1/quartus/../ip/altera/sopc_builder_ip/altera_avalon_jtag_uart/generate_rtl.pl --name=soc_system_jtag_uart --dir=C:/Users/vane_/AppData/Local/Temp/alt8565_8734752112882022453.dir/0005_jtag_uart_gen/ --quartus_dir=C:/intelfpga_lite/19.1/quartus --verilog --config=C:/Users/vane_/AppData/Local/Temp/alt8565_8734752112882022453.dir/0005_jtag_uart_gen//soc_system_jtag_uart_component_configuration.pl  --do_build_sim=1    --sim_dir=C:/Users/vane_/AppData/Local/Temp/alt8565_8734752112882022453.dir/0005_jtag_uart_gen
Info: 2020.10.29.21:12:15 Info: jtag_uart: Done RTL generation for module 'soc_system_jtag_uart'
Info: 2020.10.29.21:12:15 Info: jtag_uart: "soc_system" instantiated altera_avalon_jtag_uart "jtag_uart"
Info: 2020.10.29.21:12:15 Info: led_pio: Starting RTL generation for module 'soc_system_led_pio'
Info: 2020.10.29.21:12:15 Info: led_pio:   Generation command is [exec C:/intelfpga_lite/19.1/quartus/bin64/perl/bin/perl.exe -I C:/intelfpga_lite/19.1/quartus/sopc_builder/bin/europa -I C:/intelfpga_lite/19.1/quartus/sopc_builder/bin -I C:/intelfpga_lite/19.1/quartus/../ip/altera/sopc_builder_ip/common -I C:/intelfpga_lite/19.1/quartus/../ip/altera/sopc_builder_ip/altera_avalon_pio -- C:/intelfpga_lite/19.1/quartus/../ip/altera/sopc_builder_ip/altera_avalon_pio/generate_rtl.pl --name=soc_system_led_pio --dir=C:/Users/vane_/AppData/Local/Temp/alt8565_8734752112882022453.dir/0006_led_pio_gen/ --quartus_dir=C:/intelfpga_lite/19.1/quartus --verilog --config=C:/Users/vane_/AppData/Local/Temp/alt8565_8734752112882022453.dir/0006_led_pio_gen//soc_system_led_pio_component_configuration.pl  --do_build_sim=1    --sim_dir=C:/Users/vane_/AppData/Local/Temp/alt8565_8734752112882022453.dir/0006_led_pio_gen
Info: 2020.10.29.21:12:15 Info: led_pio: Done RTL generation for module 'soc_system_led_pio'
Info: 2020.10.29.21:12:15 Info: led_pio: "soc_system" instantiated altera_avalon_pio "led_pio"
Info: 2020.10.29.21:12:15 Info: mm_bridge_0: "soc_system" instantiated altera_avalon_mm_bridge "mm_bridge_0"
Info: 2020.10.29.21:12:15 Info: sysid_qsys: "soc_system" instantiated altera_avalon_sysid_qsys "sysid_qsys"
Info: 2020.10.29.21:12:17 Info: avalon_st_adapter: Inserting error_adapter: error_adapter_0
Info: 2020.10.29.21:12:18 Info: mm_interconnect_0: "soc_system" instantiated altera_mm_interconnect "mm_interconnect_0"
Info: 2020.10.29.21:12:21 Info: avalon_st_adapter: Inserting error_adapter: error_adapter_0
Info: 2020.10.29.21:12:21 Info: avalon_st_adapter_001: Inserting error_adapter: error_adapter_0
Info: 2020.10.29.21:12:22 Info: avalon_st_adapter_002: Inserting error_adapter: error_adapter_0
Info: 2020.10.29.21:12:22 Info: avalon_st_adapter_003: Inserting error_adapter: error_adapter_0
Info: 2020.10.29.21:12:23 Info: avalon_st_adapter_004: Inserting error_adapter: error_adapter_0
Info: 2020.10.29.21:12:23 Info: avalon_st_adapter_005: Inserting error_adapter: error_adapter_0
Info: 2020.10.29.21:12:26 Info: mm_interconnect_1: "soc_system" instantiated altera_mm_interconnect "mm_interconnect_1"
Info: 2020.10.29.21:12:27 Info: mm_interconnect_2: "soc_system" instantiated altera_mm_interconnect "mm_interconnect_2"
Info: 2020.10.29.21:12:29 Info: avalon_st_adapter: Inserting error_adapter: error_adapter_0
Info: 2020.10.29.21:12:29 Info: mm_interconnect_3: "soc_system" instantiated altera_mm_interconnect "mm_interconnect_3"
Info: 2020.10.29.21:12:29 Info: irq_mapper: "soc_system" instantiated altera_irq_mapper "irq_mapper"
Info: 2020.10.29.21:12:29 Info: irq_mapper_001: "soc_system" instantiated altera_irq_mapper "irq_mapper_001"
Info: 2020.10.29.21:12:29 Info: irq_mapper_002: "soc_system" instantiated altera_irq_mapper "irq_mapper_002"
Info: 2020.10.29.21:12:29 Info: rst_controller: "soc_system" instantiated altera_reset_controller "rst_controller"
Info: 2020.10.29.21:12:30 Info: jtag_phy_embedded_in_jtag_master: "f2sdram_only_master" instantiated altera_jtag_dc_streaming "jtag_phy_embedded_in_jtag_master"
Info: 2020.10.29.21:12:30 Info: timing_adt: "f2sdram_only_master" instantiated timing_adapter "timing_adt"
Info: 2020.10.29.21:12:30 Info: fifo: "f2sdram_only_master" instantiated altera_avalon_sc_fifo "fifo"
Info: 2020.10.29.21:12:30 Info: b2p: "f2sdram_only_master" instantiated altera_avalon_st_bytes_to_packets "b2p"
Info: 2020.10.29.21:12:30 Info: p2b: "f2sdram_only_master" instantiated altera_avalon_st_packets_to_bytes "p2b"
Info: 2020.10.29.21:12:30 Info: transacto: "f2sdram_only_master" instantiated altera_avalon_packets_to_master "transacto"
Info: 2020.10.29.21:12:30 Info: b2p_adapter: "f2sdram_only_master" instantiated channel_adapter "b2p_adapter"
Info: 2020.10.29.21:12:30 Info: p2b_adapter: "f2sdram_only_master" instantiated channel_adapter "p2b_adapter"
Error: 2020.10.29.21:13:03 Error: fpga_interfaces: Error during execution of script generate_hps_sdram.tcl: s0: FATAL: Cannot generate IP in a Windows evironment!
Error: 2020.10.29.21:13:03 Error: fpga_interfaces: Error during execution of script generate_hps_sdram.tcl: s0: An error occurred
Error: 2020.10.29.21:13:03 Error: fpga_interfaces: Error during execution of script generate_hps_sdram.tcl: Generation stopped, 10 or more modules remaining
Error: 2020.10.29.21:13:03 Error: fpga_interfaces: Execution of script generate_hps_sdram.tcl failed
Error: 2020.10.29.21:13:03 Error: fpga_interfaces: ERROR: FATAL: Cannot generate IP in a Windows evironment!
Error: 2020.10.29.21:13:03 Error: fpga_interfaces: 2020.10.29.21:12:32 Info:
Error: 2020.10.29.21:13:03 Error: fpga_interfaces: ********************************************************************************************************************
Error: 2020.10.29.21:13:03 Error: fpga_interfaces:
Error: 2020.10.29.21:13:03 Error: fpga_interfaces: Use qsys-generate for a simpler command-line interface for generating IP.
Error: 2020.10.29.21:13:03 Error: fpga_interfaces:
Error: 2020.10.29.21:13:03 Error: fpga_interfaces: Run ip-generate with switch --remove-qsys-generate-warning to prevent this notice from appearing in subsequent runs.
Error: 2020.10.29.21:13:03 Error: fpga_interfaces:
Error: 2020.10.29.21:13:03 Error: fpga_interfaces: ********************************************************************************************************************
Warning: 2020.10.29.21:13:03 Error: fpga_interfaces: 2020.10.29.21:12:37 Warning: Ignored parameter assignment device=5CSXFC6D6F31C6
Warning: 2020.10.29.21:13:03 Error: fpga_interfaces: 2020.10.29.21:12:37 Warning: Ignored parameter assignment extended_family_support=true
Warning: 2020.10.29.21:13:03 Error: fpga_interfaces: 2020.10.29.21:12:45 Warning: hps_sdram: 'Quick' simulation modes are NOT timing accurate. Some simulation memory models may issue warnings or errors
Error: 2020.10.29.21:13:03 Error: fpga_interfaces: 2020.10.29.21:12:45 Info: hps_sdram.pll_ref_clk: Elaborate: altera_clock_source
Error: 2020.10.29.21:13:03 Error: fpga_interfaces: 2020.10.29.21:12:45 Info: hps_sdram.pll_ref_clk:            $Revision: #1 $
Error: 2020.10.29.21:13:03 Error: fpga_interfaces: 2020.10.29.21:12:45 Info: hps_sdram.pll_ref_clk:            $Date: 2018/11
Error: 2020.10.29.21:13:03 Error: fpga_interfaces: 2020.10.29.21:12:45 Info: hps_sdram.global_reset: Elaborate: altera_reset_source
Error: 2020.10.29.21:13:03 Error: fpga_interfaces: 2020.10.29.21:12:45 Info: hps_sdram.global_reset:            $Revision: #1 $
Error: 2020.10.29.21:13:03 Error: fpga_interfaces: 2020.10.29.21:12:45 Info: hps_sdram.global_reset:            $Date: 2018/11
Error: 2020.10.29.21:13:03 Error: fpga_interfaces: 2020.10.29.21:12:45 Info: hps_sdram.global_reset: Reset is negatively asserted.
Warning: 2020.10.29.21:13:03 Error: fpga_interfaces: 2020.10.29.21:12:45 Warning: hps_sdram.p0: p0.oct_sharing must be exported, or connected to a matching conduit.
Warning: 2020.10.29.21:13:03 Error: fpga_interfaces: 2020.10.29.21:12:45 Warning: hps_sdram.p0: p0.io_int must be exported, or connected to a matching conduit.
Warning: 2020.10.29.21:13:03 Error: fpga_interfaces: 2020.10.29.21:12:45 Warning: hps_sdram.sequencer_mem: sequencer_mem.clken1 must be exported, or connected to a matching conduit.
Warning: 2020.10.29.21:13:03 Error: fpga_interfaces: 2020.10.29.21:12:45 Warning: hps_sdram.oct: oct.oct must be exported, or connected to a matching conduit.
Warning: 2020.10.29.21:13:03 Error: fpga_interfaces: 2020.10.29.21:12:45 Warning: hps_sdram.oct: oct.oct_sharing must be exported, or connected to a matching conduit.
Error: 2020.10.29.21:13:03 Error: fpga_interfaces: 2020.10.29.21:12:45 Info: hps_sdram: Generating altera_mem_if_hps_emif "hps_sdram" for SIM_VERILOG
Error: 2020.10.29.21:13:03 Error: fpga_interfaces: 2020.10.29.21:12:49 Info: Interconnect is inserted between master s0.mmr_avl and slave c0.csr because the master has burstcount signal 1 bit wide, but the slave is 0 bit wide.
Error: 2020.10.29.21:13:03 Error: fpga_interfaces: 2020.10.29.21:12:52 Info: pll_ref_clk: "hps_sdram" instantiated altera_avalon_clock_source "pll_ref_clk"
Error: 2020.10.29.21:13:03 Error: fpga_interfaces: 2020.10.29.21:12:52 Info: global_reset: "hps_sdram" instantiated altera_avalon_reset_source "global_reset"
Error: 2020.10.29.21:13:03 Error: fpga_interfaces: 2020.10.29.21:12:52 Info: Reusing file C:/Users/vane_/AppData/Local/Temp/alt8565_8734752112882022453.dir/0021_fpga_interfaces_gen/submodules
Error: 2020.10.29.21:13:03 Error: fpga_interfaces: 2020.10.29.21:12:52 Info: pll: "hps_sdram" instantiated altera_mem_if_hps_pll "pll"
Error: 2020.10.29.21:13:03 Error: fpga_interfaces: 2020.10.29.21:12:52 Info: p0: Generating clock pair generator
Error: 2020.10.29.21:13:03 Error: fpga_interfaces: 2020.10.29.21:12:55 Info: p0: Generating hps_sdram_p0_altdqdqs
Error: 2020.10.29.21:13:03 Error: fpga_interfaces: 2020.10.29.21:13:02 Info: p0: "hps_sdram" instantiated altera_mem_if_ddr3_hard_phy_core "p0"
Error: 2020.10.29.21:13:03 Error: fpga_interfaces: 2020.10.29.21:13:03 Error: s0: FATAL: Cannot generate IP in a Windows evironment!
Error: 2020.10.29.21:13:03 Error: fpga_interfaces: 2020.10.29.21:13:03 Error: s0: An error occurred
Error: 2020.10.29.21:13:03 Error: fpga_interfaces: while executing
Error: 2020.10.29.21:13:03 Error: fpga_interfaces: "error "An error occurred""
Error: 2020.10.29.21:13:03 Error: fpga_interfaces: (procedure "_error" line 8)
Error: 2020.10.29.21:13:03 Error: fpga_interfaces: invoked from within
Error: 2020.10.29.21:13:03 Error: fpga_interfaces: "_error "FATAL: Cannot generate IP in a Windows evironment!""
Error: 2020.10.29.21:13:03 Error: fpga_interfaces: ("if" then script line 2)
Error: 2020.10.29.21:13:03 Error: fpga_interfaces: invoked from within
Error: 2020.10.29.21:13:03 Error: fpga_interfaces: "if { $OS_WIN == 1} {
Error: 2020.10.29.21:13:03 Error: fpga_interfaces: _error "FATAL: Cannot generate IP in a Windows evironment!"
Error: 2020.10.29.21:13:03 Error: fpga_interfaces: return ""
Error: 2020.10.29.21:13:03 Error: fpga_interfaces: }"
Error: 2020.10.29.21:13:03 Error: fpga_interfaces: (procedure "alt_mem_if::gen::uniphy_gen::generate_qsys_sequencer_sw" line 22)
Error: 2020.10.29.21:13:03 Error: fpga_interfaces: invoked from within
Error: 2020.10.29.21:13:03 Error: fpga_interfaces: "alt_mem_if::gen::uniphy_gen::generate_qsys_sequencer_sw $prefix $protocol $tmpdir $fileset {} $rdimm $lrdimm $mem_size $mem_size  "${prefix}_sequencer..."
Error: 2020.10.29.21:13:03 Error: fpga_interfaces: invoked from within
Error: 2020.10.29.21:13:03 Error: fpga_interfaces: "set return_files_sw [alt_mem_if::gen::uniphy_gen::generate_qsys_sequencer_sw $prefix $protocol $tmpdir $fileset {} $rdimm $lrdimm $mem_size $mem_size ..."
Error: 2020.10.29.21:13:03 Error: fpga_interfaces: (procedure "generate_sw" line 16)
Error: 2020.10.29.21:13:03 Error: fpga_interfaces: invoked from within
Error: 2020.10.29.21:13:03 Error: fpga_interfaces: "generate_sw $name $fileset"
Error: 2020.10.29.21:13:03 Error: fpga_interfaces: (procedure "generate_files" line 37)
Error: 2020.10.29.21:13:03 Error: fpga_interfaces: invoked from within
Error: 2020.10.29.21:13:03 Error: fpga_interfaces: "generate_files $name SIM_VERILOG"
Error: 2020.10.29.21:13:03 Error: fpga_interfaces: (procedure "generate_verilog_sim" line 3)
Error: 2020.10.29.21:13:03 Error: fpga_interfaces: invoked from within
Error: 2020.10.29.21:13:03 Error: fpga_interfaces: "generate_verilog_sim altera_mem_if_hhp_qseq_top"
Error: 2020.10.29.21:13:03 Error: fpga_interfaces: 2020.10.29.21:13:03 Info: s0: "hps_sdram" instantiated altera_mem_if_hhp_ddr3_qseq "s0"
Error: 2020.10.29.21:13:03 Error: fpga_interfaces: 2020.10.29.21:13:03 Error: Generation stopped, 10 or more modules remaining
Error: 2020.10.29.21:13:03 Error: fpga_interfaces: 2020.10.29.21:13:03 Info: hps_sdram: Done "hps_sdram" with 16 modules, 56 files
Info: 2020.10.29.21:13:03 Info: fpga_interfaces: "hps_0" instantiated altera_interface_generator "fpga_interfaces"
Error: 2020.10.29.21:13:03 Error: Generation stopped, 102 or more modules remaining
Info: 2020.10.29.21:13:03 Info: soc_system: Done "soc_system" with 62 modules, 109 files
Error: 2020.10.29.21:13:03 Error: qsys-generate failed with exit code 1: 68 Errors, 10 Warnings
Info: 2020.10.29.21:13:03 Info: Finished: Create simulation model
Info: 2020.10.29.21:13:03 Info: Starting: Create Modelsim Project.
Info: 2020.10.29.21:13:03 Info: Doing: ip-make-simscript --spd=C:\Users\vane_\Desktop\Sistemas Embebidos\GHRD\DE10_Standard_GHRD\soc_system\soc_system.spd --output-directory=C:/Users/vane_/Desktop/Sistemas Embebidos/GHRD/DE10_Standard_GHRD/soc_system/simulation
Info: 2020.10.29.21:13:05 Info: Generating the following file(s) for MODELSIM simulator in C:/Users/vane_/Desktop/Sistemas Embebidos/GHRD/DE10_Standard_GHRD/soc_system/simulation
Info: 2020.10.29.21:13:05 Info:     mentor
Info: 2020.10.29.21:13:05 Info: Generating the following file(s) for VCS simulator in C:/Users/vane_/Desktop/Sistemas Embebidos/GHRD/DE10_Standard_GHRD/soc_system/simulation
Info: 2020.10.29.21:13:05 Info:     synopsys/vcs
Info: 2020.10.29.21:13:05 Info: Generating the following file(s) for VCSMX simulator in C:/Users/vane_/Desktop/Sistemas Embebidos/GHRD/DE10_Standard_GHRD/soc_system/simulation
Info: 2020.10.29.21:13:05 Info:     synopsys/vcsmx
Info: 2020.10.29.21:13:05 Info:     synopsys/vcsmx
Info: 2020.10.29.21:13:05 Info: Generating the following file(s) for NCSIM simulator in C:/Users/vane_/Desktop/Sistemas Embebidos/GHRD/DE10_Standard_GHRD/soc_system/simulation
Info: 2020.10.29.21:13:05 Info:     cadence
Info: 2020.10.29.21:13:06 Info:     cadence
Info: 2020.10.29.21:13:06 Info:     cadence
Info: 2020.10.29.21:13:06 Info:     27 .cds.lib files in cadence/cds_libs
Info: 2020.10.29.21:13:06 Info: Generating the following file(s) for RIVIERA simulator in C:/Users/vane_/Desktop/Sistemas Embebidos/GHRD/DE10_Standard_GHRD/soc_system/simulation
Info: 2020.10.29.21:13:06 Info:     aldec
Info: 2020.10.29.21:13:06 Info: For information on how to simulate your IP, see the explanatory comments in the simulator-specific subdirectories under C:/Users/vane_/Desktop/Sistemas Embebidos/GHRD/DE10_Standard_GHRD/soc_system/simulation
Info: 2020.10.29.21:13:06 Info: Regenerate these scripts whenever you make any change to any Quartus-generated IP in your project.
Info: 2020.10.29.21:13:06 Info: Finished: Create Modelsim Project.
Info: 2020.10.29.21:13:06 Info: Starting: Create block symbol file (.bsf)
Info: 2020.10.29.21:13:06 Info: qsys-generate "C:\Users\vane_\Desktop\Sistemas Embebidos\GHRD\DE10_Standard_GHRD\soc_system.qsys" --block-symbol-file --output-directory="C:\Users\vane_\Desktop\Sistemas Embebidos\GHRD\DE10_Standard_GHRD\soc_system" --family="Cyclone V" --part=5CSXFC6D6F31C6
Info: 2020.10.29.21:13:06 Info: Loading DE10_Standard_GHRD
Info: 2020.10.29.21:13:06 Info: Reading input file
Info: 2020.10.29.21:13:06 Info: Adding ILC [interrupt_latency_counter 19.1]
Info: 2020.10.29.21:13:06 Info: Parameterizing module ILC
Info: 2020.10.29.21:13:06 Info: Adding button_pio [altera_avalon_pio 19.1]
Info: 2020.10.29.21:13:06 Info: Parameterizing module button_pio
Info: 2020.10.29.21:13:06 Info: Adding clk_0 [clock_source 19.1]
Info: 2020.10.29.21:13:06 Info: Parameterizing module clk_0
Info: 2020.10.29.21:13:06 Info: Adding dipsw_pio [altera_avalon_pio 19.1]
Info: 2020.10.29.21:13:06 Info: Parameterizing module dipsw_pio
Info: 2020.10.29.21:13:06 Info: Adding f2sdram_only_master [altera_jtag_avalon_master 19.1]
Info: 2020.10.29.21:13:06 Info: Parameterizing module f2sdram_only_master
Info: 2020.10.29.21:13:06 Info: Adding fpga_only_master [altera_jtag_avalon_master 19.1]
Info: 2020.10.29.21:13:06 Info: Parameterizing module fpga_only_master
Info: 2020.10.29.21:13:06 Info: Adding hps_0 [altera_hps 19.1]
Info: 2020.10.29.21:13:06 Info: Parameterizing module hps_0
Info: 2020.10.29.21:13:06 Info: Adding hps_only_master [altera_jtag_avalon_master 19.1]
Info: 2020.10.29.21:13:06 Info: Parameterizing module hps_only_master
Info: 2020.10.29.21:13:06 Info: Adding jtag_uart [altera_avalon_jtag_uart 19.1]
Info: 2020.10.29.21:13:06 Info: Parameterizing module jtag_uart
Info: 2020.10.29.21:13:06 Info: Adding led_pio [altera_avalon_pio 19.1]
Info: 2020.10.29.21:13:06 Info: Parameterizing module led_pio
Info: 2020.10.29.21:13:06 Info: Adding mm_bridge_0 [altera_avalon_mm_bridge 19.1]
Info: 2020.10.29.21:13:06 Info: Parameterizing module mm_bridge_0
Info: 2020.10.29.21:13:06 Info: Adding sysid_qsys [altera_avalon_sysid_qsys 19.1]
Info: 2020.10.29.21:13:06 Info: Parameterizing module sysid_qsys
Info: 2020.10.29.21:13:06 Info: Building connections
Info: 2020.10.29.21:13:06 Info: Parameterizing connections
Info: 2020.10.29.21:13:06 Info: Validating
Info: 2020.10.29.21:13:14 Info: Done reading input file
Info: 2020.10.29.21:13:18 Info: soc_system.button_pio: PIO inputs are not hardwired in test bench. Undefined values will be read from PIO inputs during simulation.
Info: 2020.10.29.21:13:18 Info: soc_system.dipsw_pio: PIO inputs are not hardwired in test bench. Undefined values will be read from PIO inputs during simulation.
Info: 2020.10.29.21:13:18 Info: soc_system.hps_0: HPS Main PLL counter settings: n = 0  m = 73
Info: 2020.10.29.21:13:18 Info: soc_system.hps_0: HPS peripherial PLL counter settings: n = 0  m = 39
Warning: 2020.10.29.21:13:18 Warning: soc_system.hps_0: "QSPI clock frequency" (desired_qspi_clk_mhz) requested 400.0 MHz, but only achieved 370.0 MHz
Warning: 2020.10.29.21:13:18 Warning: soc_system.hps_0: 1 or more output clock frequencies cannot be achieved precisely, consider revising desired output clock frequencies.
Info: 2020.10.29.21:13:18 Info: soc_system.jtag_uart: JTAG UART IP input clock need to be at least double (2x) the operating frequency of JTAG TCK on board
Info: 2020.10.29.21:13:18 Info: soc_system.sysid_qsys: System ID is not assigned automatically. Edit the System ID parameter to provide a unique ID
Info: 2020.10.29.21:13:18 Info: soc_system.sysid_qsys: Time stamp will be automatically updated when this component is generated.
Info: 2020.10.29.21:13:19 Info: qsys-generate succeeded.
Info: 2020.10.29.21:13:19 Info: Finished: Create block symbol file (.bsf)
Info: 2020.10.29.21:13:19 Info:
Info: 2020.10.29.21:13:19 Info: Starting: Create HDL design files for synthesis
Info: 2020.10.29.21:13:19 Info: qsys-generate "C:\Users\vane_\Desktop\Sistemas Embebidos\GHRD\DE10_Standard_GHRD\soc_system.qsys" --synthesis=VERILOG --output-directory="C:\Users\vane_\Desktop\Sistemas Embebidos\GHRD\DE10_Standard_GHRD\soc_system\synthesis" --family="Cyclone V" --part=5CSXFC6D6F31C6
Info: 2020.10.29.21:13:19 Info: Loading DE10_Standard_GHRD
Info: 2020.10.29.21:13:19 Info: Reading input file
Info: 2020.10.29.21:13:19 Info: Adding ILC [interrupt_latency_counter 19.1]
Info: 2020.10.29.21:13:19 Info: Parameterizing module ILC
Info: 2020.10.29.21:13:19 Info: Adding button_pio [altera_avalon_pio 19.1]
Info: 2020.10.29.21:13:19 Info: Parameterizing module button_pio
Info: 2020.10.29.21:13:19 Info: Adding clk_0 [clock_source 19.1]
Info: 2020.10.29.21:13:19 Info: Parameterizing module clk_0
Info: 2020.10.29.21:13:19 Info: Adding dipsw_pio [altera_avalon_pio 19.1]
Info: 2020.10.29.21:13:19 Info: Parameterizing module dipsw_pio
Info: 2020.10.29.21:13:19 Info: Adding f2sdram_only_master [altera_jtag_avalon_master 19.1]
Info: 2020.10.29.21:13:19 Info: Parameterizing module f2sdram_only_master
Info: 2020.10.29.21:13:19 Info: Adding fpga_only_master [altera_jtag_avalon_master 19.1]
Info: 2020.10.29.21:13:19 Info: Parameterizing module fpga_only_master
Info: 2020.10.29.21:13:19 Info: Adding hps_0 [altera_hps 19.1]
Info: 2020.10.29.21:13:19 Info: Parameterizing module hps_0
Info: 2020.10.29.21:13:19 Info: Adding hps_only_master [altera_jtag_avalon_master 19.1]
Info: 2020.10.29.21:13:19 Info: Parameterizing module hps_only_master
Info: 2020.10.29.21:13:19 Info: Adding jtag_uart [altera_avalon_jtag_uart 19.1]
Info: 2020.10.29.21:13:19 Info: Parameterizing module jtag_uart
Info: 2020.10.29.21:13:19 Info: Adding led_pio [altera_avalon_pio 19.1]
Info: 2020.10.29.21:13:19 Info: Parameterizing module led_pio
Info: 2020.10.29.21:13:19 Info: Adding mm_bridge_0 [altera_avalon_mm_bridge 19.1]
Info: 2020.10.29.21:13:19 Info: Parameterizing module mm_bridge_0
Info: 2020.10.29.21:13:19 Info: Adding sysid_qsys [altera_avalon_sysid_qsys 19.1]
Info: 2020.10.29.21:13:19 Info: Parameterizing module sysid_qsys
Info: 2020.10.29.21:13:19 Info: Building connections
Info: 2020.10.29.21:13:19 Info: Parameterizing connections
Info: 2020.10.29.21:13:19 Info: Validating
Info: 2020.10.29.21:13:27 Info: Done reading input file
Info: 2020.10.29.21:13:31 Info: soc_system.button_pio: PIO inputs are not hardwired in test bench. Undefined values will be read from PIO inputs during simulation.
Info: 2020.10.29.21:13:31 Info: soc_system.dipsw_pio: PIO inputs are not hardwired in test bench. Undefined values will be read from PIO inputs during simulation.
Info: 2020.10.29.21:13:31 Info: soc_system.hps_0: HPS Main PLL counter settings: n = 0  m = 73
Info: 2020.10.29.21:13:31 Info: soc_system.hps_0: HPS peripherial PLL counter settings: n = 0  m = 39
Warning: 2020.10.29.21:13:31 Warning: soc_system.hps_0: "QSPI clock frequency" (desired_qspi_clk_mhz) requested 400.0 MHz, but only achieved 370.0 MHz
Warning: 2020.10.29.21:13:31 Warning: soc_system.hps_0: 1 or more output clock frequencies cannot be achieved precisely, consider revising desired output clock frequencies.
Info: 2020.10.29.21:13:31 Info: soc_system.jtag_uart: JTAG UART IP input clock need to be at least double (2x) the operating frequency of JTAG TCK on board
Info: 2020.10.29.21:13:31 Info: soc_system.sysid_qsys: System ID is not assigned automatically. Edit the System ID parameter to provide a unique ID
2020.10.29.21:13:31 Info: soc_system.sysid_qsys: Time stamp will be automatically updated when this component is generated.
Info: 2020.10.29.21:13:33 Info: soc_system: Generating soc_system "soc_system" for QUARTUS_SYNTH
Info: 2020.10.29.21:13:37 Info: Interconnect is inserted between master hps_0.h2f_lw_axi_master and slave mm_bridge_0.s0 because the master is of type axi and the slave is of type avalon.
Info: 2020.10.29.21:13:39 Info: Interconnect is inserted between master hps_only_master.master and slave hps_0.f2h_axi_slave because the master is of type avalon and the slave is of type axi.
Info: 2020.10.29.21:13:40 Info: Interconnect is inserted between master f2sdram_only_master.master and slave hps_0.f2h_sdram0_data because the master has address signal 32 bit wide, but the slave is 27 bit wide.
Info: 2020.10.29.21:13:40 Info: Interconnect is inserted between master f2sdram_only_master.master and slave hps_0.f2h_sdram0_data because the master has readdata signal 32 bit wide, but the slave is 256 bit wide.
2020.10.29.21:13:40 Info: Interconnect is inserted between master f2sdram_only_master.master and slave hps_0.f2h_sdram0_data because the master has writedata signal 32 bit wide, but the slave is 256 bit wide.
Info: 2020.10.29.21:13:40 Info: Interconnect is inserted between master f2sdram_only_master.master and slave hps_0.f2h_sdram0_data because the master has byteenable signal 4 bit wide, but the slave is 32 bit wide.
Warning: 2020.10.29.21:13:41 Warning: hps_0.f2h_irq0: Cannot connect clock for irq_mapper_001.sender
Warning: 2020.10.29.21:13:41 Warning: hps_0.f2h_irq0: Cannot connect reset for irq_mapper_001.sender
Warning: 2020.10.29.21:13:41 Warning: hps_0.f2h_irq1: Cannot connect clock for irq_mapper_002.sender
Warning: 2020.10.29.21:13:41 Warning: hps_0.f2h_irq1: Cannot connect reset for irq_mapper_002.sender
Info: 2020.10.29.21:13:46 Info: ILC: "soc_system" instantiated interrupt_latency_counter "ILC"
Info: 2020.10.29.21:13:46 Info: button_pio: Starting RTL generation for module 'soc_system_button_pio'
Info: 2020.10.29.21:13:46 Info: button_pio:   Generation command is [exec C:/intelfpga_lite/19.1/quartus/bin64/perl/bin/perl.exe -I C:/intelfpga_lite/19.1/quartus/sopc_builder/bin/europa -I C:/intelfpga_lite/19.1/quartus/sopc_builder/bin -I C:/intelfpga_lite/19.1/quartus/../ip/altera/sopc_builder_ip/common -I C:/intelfpga_lite/19.1/quartus/../ip/altera/sopc_builder_ip/altera_avalon_pio -- C:/intelfpga_lite/19.1/quartus/../ip/altera/sopc_builder_ip/altera_avalon_pio/generate_rtl.pl --name=soc_system_button_pio --dir=C:/Users/vane_/AppData/Local/Temp/alt8565_8734752112882022453.dir/0024_button_pio_gen/ --quartus_dir=C:/intelfpga_lite/19.1/quartus --verilog --config=C:/Users/vane_/AppData/Local/Temp/alt8565_8734752112882022453.dir/0024_button_pio_gen/
Info: 2020.10.29.21:13:47 Info: button_pio: Done RTL generation for module 'soc_system_button_pio'
Info: 2020.10.29.21:13:47 Info: button_pio: "soc_system" instantiated altera_avalon_pio "button_pio"
Info: 2020.10.29.21:13:47 Info: dipsw_pio: Starting RTL generation for module 'soc_system_dipsw_pio'
Info: 2020.10.29.21:13:47 Info: dipsw_pio:   Generation command is [exec C:/intelfpga_lite/19.1/quartus/bin64/perl/bin/perl.exe -I C:/intelfpga_lite/19.1/quartus/sopc_builder/bin/europa -I C:/intelfpga_lite/19.1/quartus/sopc_builder/bin -I C:/intelfpga_lite/19.1/quartus/../ip/altera/sopc_builder_ip/common -I C:/intelfpga_lite/19.1/quartus/../ip/altera/sopc_builder_ip/altera_avalon_pio -- C:/intelfpga_lite/19.1/quartus/../ip/altera/sopc_builder_ip/altera_avalon_pio/generate_rtl.pl --name=soc_system_dipsw_pio --dir=C:/Users/vane_/AppData/Local/Temp/alt8565_8734752112882022453.dir/0025_dipsw_pio_gen/ --quartus_dir=C:/intelfpga_lite/19.1/quartus --verilog --config=C:/Users/vane_/AppData/Local/Temp/alt8565_8734752112882022453.dir/0025_dipsw_pio_gen/
Info: 2020.10.29.21:13:47 Info: dipsw_pio: Done RTL generation for module 'soc_system_dipsw_pio'
Info: 2020.10.29.21:13:47 Info: dipsw_pio: "soc_system" instantiated altera_avalon_pio "dipsw_pio"
Info: 2020.10.29.21:13:48 Info: f2sdram_only_master: "soc_system" instantiated altera_jtag_avalon_master "f2sdram_only_master"
Info: 2020.10.29.21:13:48 Info: hps_0: "Running  for module: hps_0"
Info: 2020.10.29.21:13:48 Info: hps_0: HPS Main PLL counter settings: n = 0  m = 73
Info: 2020.10.29.21:13:49 Info: hps_0: HPS peripherial PLL counter settings: n = 0  m = 39
Warning: 2020.10.29.21:13:49 Warning: hps_0: "QSPI clock frequency" (desired_qspi_clk_mhz) requested 400.0 MHz, but only achieved 370.0 MHz
Warning: 2020.10.29.21:13:49 Warning: hps_0: 1 or more output clock frequencies cannot be achieved precisely, consider revising desired output clock frequencies.
Info: 2020.10.29.21:13:50 Info: hps_0: "soc_system" instantiated altera_hps "hps_0"
Info: 2020.10.29.21:13:50 Info: jtag_uart: Starting RTL generation for module 'soc_system_jtag_uart'
Info: 2020.10.29.21:13:50 Info: jtag_uart:   Generation command is [exec C:/intelfpga_lite/19.1/quartus/bin64/perl/bin/perl.exe -I C:/intelfpga_lite/19.1/quartus/sopc_builder/bin/europa -I C:/intelfpga_lite/19.1/quartus/sopc_builder/bin -I C:/intelfpga_lite/19.1/quartus/../ip/altera/sopc_builder_ip/common -I C:/intelfpga_lite/19.1/quartus/../ip/altera/sopc_builder_ip/altera_avalon_jtag_uart -- C:/intelfpga_lite/19.1/quartus/../ip/altera/sopc_builder_ip/altera_avalon_jtag_uart/generate_rtl.pl --name=soc_system_jtag_uart --dir=C:/Users/vane_/AppData/Local/Temp/alt8565_8734752112882022453.dir/0026_jtag_uart_gen/ --quartus_dir=C:/intelfpga_lite/19.1/quartus --verilog --config=C:/Users/vane_/AppData/Local/Temp/alt8565_8734752112882022453.dir/0026_jtag_uart_gen/
Info: 2020.10.29.21:13:51 Info: jtag_uart: Done RTL generation for module 'soc_system_jtag_uart'
Info: 2020.10.29.21:13:51 Info: jtag_uart: "soc_system" instantiated altera_avalon_jtag_uart "jtag_uart"
Info: 2020.10.29.21:13:51 Info: led_pio: Starting RTL generation for module 'soc_system_led_pio'
Info: 2020.10.29.21:13:51 Info: led_pio:   Generation command is [exec C:/intelfpga_lite/19.1/quartus/bin64/perl/bin/perl.exe -I C:/intelfpga_lite/19.1/quartus/sopc_builder/bin/europa -I C:/intelfpga_lite/19.1/quartus/sopc_builder/bin -I C:/intelfpga_lite/19.1/quartus/../ip/altera/sopc_builder_ip/common -I C:/intelfpga_lite/19.1/quartus/../ip/altera/sopc_builder_ip/altera_avalon_pio -- C:/intelfpga_lite/19.1/quartus/../ip/altera/sopc_builder_ip/altera_avalon_pio/generate_rtl.pl --name=soc_system_led_pio --dir=C:/Users/vane_/AppData/Local/Temp/alt8565_8734752112882022453.dir/0027_led_pio_gen/ --quartus_dir=C:/intelfpga_lite/19.1/quartus --verilog --config=C:/Users/vane_/AppData/Local/Temp/alt8565_8734752112882022453.dir/0027_led_pio_gen/
Info: 2020.10.29.21:13:51 Info: led_pio: Done RTL generation for module 'soc_system_led_pio'
Info: 2020.10.29.21:13:51 Info: led_pio: "soc_system" instantiated altera_avalon_pio "led_pio"
Info: 2020.10.29.21:13:51 Info: mm_bridge_0: "soc_system" instantiated altera_avalon_mm_bridge "mm_bridge_0"
Info: 2020.10.29.21:13:51 Info: sysid_qsys: "soc_system" instantiated altera_avalon_sysid_qsys "sysid_qsys"
Info: 2020.10.29.21:13:52 Info: avalon_st_adapter: Inserting error_adapter: error_adapter_0
Info: 2020.10.29.21:13:53 Info: mm_interconnect_0: "soc_system" instantiated altera_mm_interconnect "mm_interconnect_0"
Info: 2020.10.29.21:13:56 Info: avalon_st_adapter: Inserting error_adapter: error_adapter_0
Info: 2020.10.29.21:13:56 Info: avalon_st_adapter_001: Inserting error_adapter: error_adapter_0
Info: 2020.10.29.21:13:57 Info: avalon_st_adapter_002: Inserting error_adapter: error_adapter_0
Info: 2020.10.29.21:13:57 Info: avalon_st_adapter_003: Inserting error_adapter: error_adapter_0
Info: 2020.10.29.21:13:57 Info: avalon_st_adapter_004: Inserting error_adapter: error_adapter_0
Info: 2020.10.29.21:13:58 Info: avalon_st_adapter_005: Inserting error_adapter: error_adapter_0
Info: 2020.10.29.21:14:00 Info: mm_interconnect_1: "soc_system" instantiated altera_mm_interconnect "mm_interconnect_1"
Info: 2020.10.29.21:14:01 Info: mm_interconnect_2: "soc_system" instantiated altera_mm_interconnect "mm_interconnect_2"
Info: 2020.10.29.21:14:02 Info: avalon_st_adapter: Inserting error_adapter: error_adapter_0
Info: 2020.10.29.21:14:03 Info: mm_interconnect_3: "soc_system" instantiated altera_mm_interconnect "mm_interconnect_3"
Info: 2020.10.29.21:14:03 Info: irq_mapper: "soc_system" instantiated altera_irq_mapper "irq_mapper"
Info: 2020.10.29.21:14:03 Info: irq_mapper_001: "soc_system" instantiated altera_irq_mapper "irq_mapper_001"
Info: 2020.10.29.21:14:03 Info: irq_mapper_002: "soc_system" instantiated altera_irq_mapper "irq_mapper_002"
Info: 2020.10.29.21:14:03 Info: rst_controller: "soc_system" instantiated altera_reset_controller "rst_controller"
Info: 2020.10.29.21:14:03 Info: jtag_phy_embedded_in_jtag_master: "f2sdram_only_master" instantiated altera_jtag_dc_streaming "jtag_phy_embedded_in_jtag_master"
Info: 2020.10.29.21:14:03 Info: timing_adt: "f2sdram_only_master" instantiated timing_adapter "timing_adt"
Info: 2020.10.29.21:14:03 Info: fifo: "f2sdram_only_master" instantiated altera_avalon_sc_fifo "fifo"
Info: 2020.10.29.21:14:03 Info: b2p: "f2sdram_only_master" instantiated altera_avalon_st_bytes_to_packets "b2p"
Info: 2020.10.29.21:14:03 Info: p2b: "f2sdram_only_master" instantiated altera_avalon_st_packets_to_bytes "p2b"
Info: 2020.10.29.21:14:03 Info: transacto: "f2sdram_only_master" instantiated altera_avalon_packets_to_master "transacto"
Info: 2020.10.29.21:14:03 Info: b2p_adapter: "f2sdram_only_master" instantiated channel_adapter "b2p_adapter"
Info: 2020.10.29.21:14:03 Info: p2b_adapter: "f2sdram_only_master" instantiated channel_adapter "p2b_adapter"
Info: 2020.10.29.21:14:03 Info: fpga_interfaces: "hps_0" instantiated altera_interface_generator "fpga_interfaces"
Info: 2020.10.29.21:14:04 Info: hps_io: "hps_0" instantiated altera_hps_io "hps_io"
Info: 2020.10.29.21:14:04 Info: mm_bridge_0_s0_translator: "mm_interconnect_0" instantiated altera_merlin_slave_translator "mm_bridge_0_s0_translator"
Info: 2020.10.29.21:14:04 Info: hps_0_h2f_lw_axi_master_agent: "mm_interconnect_0" instantiated altera_merlin_axi_master_ni "hps_0_h2f_lw_axi_master_agent"
Info: 2020.10.29.21:14:04 Info: mm_bridge_0_s0_agent: "mm_interconnect_0" instantiated altera_merlin_slave_agent "mm_bridge_0_s0_agent"
Info: 2020.10.29.21:14:04 Info: router: "mm_interconnect_0" instantiated altera_merlin_router "router"
Info: 2020.10.29.21:14:04 Info: router_002: "mm_interconnect_0" instantiated altera_merlin_router "router_002"
Info: 2020.10.29.21:14:05 Info: mm_bridge_0_s0_burst_adapter: "mm_interconnect_0" instantiated altera_merlin_burst_adapter "mm_bridge_0_s0_burst_adapter"
Info: 2020.10.29.21:14:05 Info: Reusing file C:/Users/vane_/Desktop/Sistemas Embebidos/GHRD/DE10_Standard_GHRD/soc_system/synthesis/submodules
Info: 2020.10.29.21:14:05 Info: Reusing file C:/Users/vane_/Desktop/Sistemas Embebidos/GHRD/DE10_Standard_GHRD/soc_system/synthesis/submodules
Info: 2020.10.29.21:14:05 Info: Reusing file C:/Users/vane_/Desktop/Sistemas Embebidos/GHRD/DE10_Standard_GHRD/soc_system/synthesis/submodules
Info: 2020.10.29.21:14:05 Info: cmd_demux: "mm_interconnect_0" instantiated altera_merlin_demultiplexer "cmd_demux"
Info: 2020.10.29.21:14:05 Info: cmd_mux: "mm_interconnect_0" instantiated altera_merlin_multiplexer "cmd_mux"
Info: 2020.10.29.21:14:05 Info: rsp_demux: "mm_interconnect_0" instantiated altera_merlin_demultiplexer "rsp_demux"
Info: 2020.10.29.21:14:05 Info: rsp_mux: "mm_interconnect_0" instantiated altera_merlin_multiplexer "rsp_mux"
Info: 2020.10.29.21:14:05 Info: Reusing file C:/Users/vane_/Desktop/Sistemas Embebidos/GHRD/DE10_Standard_GHRD/soc_system/synthesis/submodules
Info: 2020.10.29.21:14:05 Info: avalon_st_adapter: "mm_interconnect_0" instantiated altera_avalon_st_adapter "avalon_st_adapter"
Info: 2020.10.29.21:14:05 Info: mm_bridge_0_m0_translator: "mm_interconnect_1" instantiated altera_merlin_master_translator "mm_bridge_0_m0_translator"
Info: 2020.10.29.21:14:05 Info: mm_bridge_0_m0_agent: "mm_interconnect_1" instantiated altera_merlin_master_agent "mm_bridge_0_m0_agent"
Info: 2020.10.29.21:14:05 Info: router: "mm_interconnect_1" instantiated altera_merlin_router "router"
Info: 2020.10.29.21:14:05 Info: router_002: "mm_interconnect_1" instantiated altera_merlin_router "router_002"
Info: 2020.10.29.21:14:05 Info: mm_bridge_0_m0_limiter: "mm_interconnect_1" instantiated altera_merlin_traffic_limiter "mm_bridge_0_m0_limiter"
Info: 2020.10.29.21:14:05 Info: Reusing file C:/Users/vane_/Desktop/Sistemas Embebidos/GHRD/DE10_Standard_GHRD/soc_system/synthesis/submodules
Info: 2020.10.29.21:14:05 Info: Reusing file C:/Users/vane_/Desktop/Sistemas Embebidos/GHRD/DE10_Standard_GHRD/soc_system/synthesis/submodules
Info: 2020.10.29.21:14:05 Info: cmd_demux: "mm_interconnect_1" instantiated altera_merlin_demultiplexer "cmd_demux"
Info: 2020.10.29.21:14:05 Info: cmd_mux: "mm_interconnect_1" instantiated altera_merlin_multiplexer "cmd_mux"
Info: 2020.10.29.21:14:05 Info: Reusing file C:/Users/vane_/Desktop/Sistemas Embebidos/GHRD/DE10_Standard_GHRD/soc_system/synthesis/submodules
Info: 2020.10.29.21:14:06 Info: rsp_demux: "mm_interconnect_1" instantiated altera_merlin_demultiplexer "rsp_demux"
Info: 2020.10.29.21:14:06 Info: rsp_mux: "mm_interconnect_1" instantiated altera_merlin_multiplexer "rsp_mux"
Info: 2020.10.29.21:14:06 Info: Reusing file C:/Users/vane_/Desktop/Sistemas Embebidos/GHRD/DE10_Standard_GHRD/soc_system/synthesis/submodules
Info: 2020.10.29.21:14:06 Info: hps_0_f2h_axi_slave_agent: "mm_interconnect_2" instantiated altera_merlin_axi_slave_ni "hps_0_f2h_axi_slave_agent"
Info: 2020.10.29.21:14:06 Info: Reusing file C:/Users/vane_/Desktop/Sistemas Embebidos/GHRD/DE10_Standard_GHRD/soc_system/synthesis/submodules
Info: 2020.10.29.21:14:06 Info: Reusing file C:/Users/vane_/Desktop/Sistemas Embebidos/GHRD/DE10_Standard_GHRD/soc_system/synthesis/submodules
Info: 2020.10.29.21:14:06 Info: Reusing file C:/Users/vane_/Desktop/Sistemas Embebidos/GHRD/DE10_Standard_GHRD/soc_system/synthesis/submodules
Info: 2020.10.29.21:14:06 Info: router: "mm_interconnect_2" instantiated altera_merlin_router "router"
Info: 2020.10.29.21:14:06 Info: router_001: "mm_interconnect_2" instantiated altera_merlin_router "router_001"
Info: 2020.10.29.21:14:06 Info: cmd_demux: "mm_interconnect_2" instantiated altera_merlin_demultiplexer "cmd_demux"
Info: 2020.10.29.21:14:06 Info: cmd_mux: "mm_interconnect_2" instantiated altera_merlin_multiplexer "cmd_mux"
Info: 2020.10.29.21:14:06 Info: Reusing file C:/Users/vane_/Desktop/Sistemas Embebidos/GHRD/DE10_Standard_GHRD/soc_system/synthesis/submodules
Info: 2020.10.29.21:14:06 Info: rsp_demux: "mm_interconnect_2" instantiated altera_merlin_demultiplexer "rsp_demux"
Info: 2020.10.29.21:14:06 Info: rsp_mux: "mm_interconnect_2" instantiated altera_merlin_multiplexer "rsp_mux"
Info: 2020.10.29.21:14:06 Info: Reusing file C:/Users/vane_/Desktop/Sistemas Embebidos/GHRD/DE10_Standard_GHRD/soc_system/synthesis/submodules
Info: 2020.10.29.21:14:06 Info: hps_0_f2h_axi_slave_wr_cmd_width_adapter: "mm_interconnect_2" instantiated altera_merlin_width_adapter "hps_0_f2h_axi_slave_wr_cmd_width_adapter"
Info: 2020.10.29.21:14:06 Info: Reusing file C:/Users/vane_/Desktop/Sistemas Embebidos/GHRD/DE10_Standard_GHRD/soc_system/synthesis/submodules
Info: 2020.10.29.21:14:06 Info: Reusing file C:/Users/vane_/Desktop/Sistemas Embebidos/GHRD/DE10_Standard_GHRD/soc_system/synthesis/submodules
Info: 2020.10.29.21:14:06 Info: router: "mm_interconnect_3" instantiated altera_merlin_router "router"
Info: 2020.10.29.21:14:06 Info: router_001: "mm_interconnect_3" instantiated altera_merlin_router "router_001"
Info: 2020.10.29.21:14:06 Info: cmd_demux: "mm_interconnect_3" instantiated altera_merlin_demultiplexer "cmd_demux"
Info: 2020.10.29.21:14:06 Info: cmd_mux: "mm_interconnect_3" instantiated altera_merlin_multiplexer "cmd_mux"
Info: 2020.10.29.21:14:06 Info: Reusing file C:/Users/vane_/Desktop/Sistemas Embebidos/GHRD/DE10_Standard_GHRD/soc_system/synthesis/submodules
Info: 2020.10.29.21:14:06 Info: rsp_mux: "mm_interconnect_3" instantiated altera_merlin_multiplexer "rsp_mux"
Info: 2020.10.29.21:14:06 Info: Reusing file C:/Users/vane_/Desktop/Sistemas Embebidos/GHRD/DE10_Standard_GHRD/soc_system/synthesis/submodules
Info: 2020.10.29.21:14:06 Info: avalon_st_adapter: "mm_interconnect_3" instantiated altera_avalon_st_adapter "avalon_st_adapter"
Error: 2020.10.29.21:14:33 Error: border: Error during execution of script generate_hps_sdram.tcl: seq: FATAL: Cannot generate IP in a Windows evironment!
Error: 2020.10.29.21:14:33 Error: border: Error during execution of script generate_hps_sdram.tcl: seq: An error occurred
Error: 2020.10.29.21:14:33 Error: border: Error during execution of script generate_hps_sdram.tcl: Generation stopped, 3 or more modules remaining
Error: 2020.10.29.21:14:33 Error: border: Execution of script generate_hps_sdram.tcl failed
Error: 2020.10.29.21:14:33 Error: border: ERROR: FATAL: Cannot generate IP in a Windows evironment!
Error: 2020.10.29.21:14:33 Error: border: 2020.10.29.21:14:07 Info:
Error: 2020.10.29.21:14:33 Error: border: ********************************************************************************************************************
Error: 2020.10.29.21:14:33 Error: border:
Error: 2020.10.29.21:14:33 Error: border: Use qsys-generate for a simpler command-line interface for generating IP.
Error: 2020.10.29.21:14:33 Error: border:
Error: 2020.10.29.21:14:33 Error: border: Run ip-generate with switch --remove-qsys-generate-warning to prevent this notice from appearing in subsequent runs.
Error: 2020.10.29.21:14:33 Error: border:
Error: 2020.10.29.21:14:33 Error: border: ********************************************************************************************************************
Warning: 2020.10.29.21:14:33 Error: border: 2020.10.29.21:14:12 Warning: Ignored parameter assignment device=5CSXFC6D6F31C6
Warning: 2020.10.29.21:14:33 Error: border: 2020.10.29.21:14:12 Warning: Ignored parameter assignment extended_family_support=true
Warning: 2020.10.29.21:14:33 Error: border: 2020.10.29.21:14:18 Warning: hps_sdram: 'Quick' simulation modes are NOT timing accurate. Some simulation memory models may issue warnings or errors
Warning: 2020.10.29.21:14:33 Error: border: 2020.10.29.21:14:18 Warning: hps_sdram.seq: This module has no ports or interfaces
Warning: 2020.10.29.21:14:33 Error: border: 2020.10.29.21:14:18 Warning: hps_sdram.p0: p0.scc must be exported, or connected to a matching conduit.
Warning: 2020.10.29.21:14:33 Error: border: 2020.10.29.21:14:18 Warning: hps_sdram.as: as.afi_init_cal_req must be exported, or connected to a matching conduit.
Warning: 2020.10.29.21:14:33 Error: border: 2020.10.29.21:14:18 Warning: hps_sdram.as: as.tracking must be exported, or connected to a matching conduit.
Warning: 2020.10.29.21:14:33 Error: border: 2020.10.29.21:14:18 Warning: hps_sdram.c0: c0.status must be exported, or connected to a matching conduit.
Warning: 2020.10.29.21:14:33 Error: border: 2020.10.29.21:14:18 Warning: hps_sdram.p0: p0.avl must be connected to an Avalon-MM master
Error: 2020.10.29.21:14:33 Error: border: 2020.10.29.21:14:18 Info: hps_sdram: Generating altera_mem_if_hps_emif "hps_sdram" for QUARTUS_SYNTH
Error: 2020.10.29.21:14:33 Error: border: 2020.10.29.21:14:21 Info: pll: "hps_sdram" instantiated altera_mem_if_hps_pll "pll"
Error: 2020.10.29.21:14:33 Error: border: 2020.10.29.21:14:21 Info: p0: Generating clock pair generator
Error: 2020.10.29.21:14:33 Error: border: 2020.10.29.21:14:23 Info: p0: Generating hps_sdram_p0_altdqdqs
Error: 2020.10.29.21:14:33 Error: border: 2020.10.29.21:14:33 Info: p0:
Error: 2020.10.29.21:14:33 Error: border: 2020.10.29.21:14:33 Info: p0: *****************************
Error: 2020.10.29.21:14:33 Error: border: 2020.10.29.21:14:33 Info: p0:
Error: 2020.10.29.21:14:33 Error: border: 2020.10.29.21:14:33 Info: p0: Remember to run the hps_sdram_p0_pin_assignments.tcl
Error: 2020.10.29.21:14:33 Error: border: 2020.10.29.21:14:33 Info: p0: script after running Synthesis and before Fitting.
Error: 2020.10.29.21:14:33 Error: border: 2020.10.29.21:14:33 Info: p0:
Error: 2020.10.29.21:14:33 Error: border: 2020.10.29.21:14:33 Info: p0: *****************************
Error: 2020.10.29.21:14:33 Error: border: 2020.10.29.21:14:33 Info: p0:
Error: 2020.10.29.21:14:33 Error: border: 2020.10.29.21:14:33 Info: p0: "hps_sdram" instantiated altera_mem_if_ddr3_hard_phy_core "p0"
Error: 2020.10.29.21:14:33 Error: border: 2020.10.29.21:14:33 Error: seq: FATAL: Cannot generate IP in a Windows evironment!
Error: 2020.10.29.21:14:33 Error: border: 2020.10.29.21:14:33 Error: seq: An error occurred
Error: 2020.10.29.21:14:33 Error: border: while executing
Error: 2020.10.29.21:14:33 Error: border: "error "An error occurred""
Error: 2020.10.29.21:14:33 Error: border: (procedure "_error" line 8)
Error: 2020.10.29.21:14:33 Error: border: invoked from within
Error: 2020.10.29.21:14:33 Error: border: "_error "FATAL: Cannot generate IP in a Windows evironment!""
Error: 2020.10.29.21:14:33 Error: border: ("if" then script line 2)
Error: 2020.10.29.21:14:33 Error: border: invoked from within
Error: 2020.10.29.21:14:33 Error: border: "if { $OS_WIN == 1} {
Error: 2020.10.29.21:14:33 Error: border: _error "FATAL: Cannot generate IP in a Windows evironment!"
Error: 2020.10.29.21:14:33 Error: border: return ""
Error: 2020.10.29.21:14:33 Error: border: }"
Error: 2020.10.29.21:14:33 Error: border: (procedure "alt_mem_if::gen::uniphy_gen::generate_qsys_sequencer_sw" line 22)
Error: 2020.10.29.21:14:33 Error: border: invoked from within
Error: 2020.10.29.21:14:33 Error: border: "alt_mem_if::gen::uniphy_gen::generate_qsys_sequencer_sw $prefix $protocol $tmpdir $fileset {} $rdimm $lrdimm $mem_size $mem_size  "${prefix}_sequencer..."
Error: 2020.10.29.21:14:33 Error: border: invoked from within
Error: 2020.10.29.21:14:33 Error: border: "set return_files_sw [alt_mem_if::gen::uniphy_gen::generate_qsys_sequencer_sw $prefix $protocol $tmpdir $fileset {} $rdimm $lrdimm $mem_size $mem_size ..."
Error: 2020.10.29.21:14:33 Error: border: (procedure "generate_sw" line 16)
Error: 2020.10.29.21:14:33 Error: border: invoked from within
Error: 2020.10.29.21:14:33 Error: border: "generate_sw $name $fileset"
Error: 2020.10.29.21:14:33 Error: border: ("if" then script line 4)
Error: 2020.10.29.21:14:33 Error: border: invoked from within
Error: 2020.10.29.21:14:33 Error: border: "if {[string compare -nocase $fileset QUARTUS_SYNTH] == 0} {
Error: 2020.10.29.21:14:33 Error: border:         set top_level_file "altera_mem_if_hhp_qseq_synth_top.v"
Error: 2020.10.29.21:14:33 Error: border:         add_fileset_file $top_level_fi..."
Error: 2020.10.29.21:14:33 Error: border: (procedure "generate_files" line 4)
Error: 2020.10.29.21:14:33 Error: border: invoked from within
2020.10.29.21:14:33 Error: border: "generate_files $name QUARTUS_SYNTH"
Error: 2020.10.29.21:14:33 Error: border: (procedure "generate_synth" line 3)
Error: 2020.10.29.21:14:33 Error: border: invoked from within
Error: 2020.10.29.21:14:33 Error: border: "generate_synth altera_mem_if_hhp_qseq_synth_top"
Error: 2020.10.29.21:14:33 Error: border: 2020.10.29.21:14:33 Info: seq: "hps_sdram" instantiated altera_mem_if_hhp_ddr3_qseq "seq"
Error: 2020.10.29.21:14:33 Error: border: 2020.10.29.21:14:33 Error: Generation stopped, 3 or more modules remaining
Error: 2020.10.29.21:14:33 Error: border: 2020.10.29.21:14:33 Info: hps_sdram: Done "hps_sdram" with 7 modules, 24 files
Info: 2020.10.29.21:14:34 Info: border: "hps_io" instantiated altera_interface_generator "border"
Error: 2020.10.29.21:14:34 Error: Generation stopped, 2 or more modules remaining
Info: 2020.10.29.21:14:34 Info: soc_system: Done "soc_system" with 65 modules, 114 files
Error: 2020.10.29.21:14:35 Error: qsys-generate failed with exit code 1: 71 Errors, 10 Warnings
Info: 2020.10.29.21:14:35 Info: Finished: Create HDL design files for synthesis
Info (11904): Restoring file "soc_system.BAK.qsys" to "soc_system.qsys"
Error (14923): Error upgrading Platform Designer file "soc_system.qsys"
Info (11131): Completed upgrading IP component In-System Sources and Probes with file "ip/altsource_probe/hps_reset.v"
Error (11890): Unable to automatically upgrade Platform Designer component. Please manually upgrade "soc_system.qsys" in Platform Designer
Error (23031): Evaluation of Tcl script c:/intelfpga_lite/19.1/quartus/common/tcl/internal/ip_regen/ip_regen.tcl unsuccessful
Error: Quartus Prime Shell was unsuccessful. 126 errors, 40 warnings
    Error: Peak virtual memory: 4867 megabytes
    Error: Processing ended: Thu Oct 29 21:14:58 2020
    Error: Elapsed time: 00:04:46
    Error: Total CPU time (on all processors): 00:06:58


